<?xml version="1.0" encoding="UTF-8"?>
<!-- Generated by org.testng.reporters.JUnitReportReporter -->
<testsuite hostname="DESKTOP-077G3EM" failures="0" tests="7" name="com.Plobal.TestScripts.PlobalTestScripts" time="287.193" errors="0" timestamp="2022-10-04T17:52:50 IST" skipped="0">
  <testcase classname="com.Plobal.TestScripts.PlobalTestScripts" name="plobalAppLaunch" time="18.890"/>
  <system-out/>
  <testcase classname="com.Plobal.TestScripts.PlobalTestScripts" name="plobalLogin" time="31.574"/>
  <system-out/>
  <testcase classname="com.Plobal.TestScripts.PlobalTestScripts" name="plobalSelectItem" time="20.829"/>
  <system-out/>
  <testcase classname="com.Plobal.TestScripts.PlobalTestScripts" name="plobalPaymentOption" time="0.435"/>
  <system-out/>
  <testcase classname="com.Plobal.TestScripts.PlobalTestScripts" name="plobalDeliveryAddress" time="85.655"/>
  <system-out/>
  <testcase classname="com.Plobal.TestScripts.PlobalTestScripts" name="plobalSearchProduct" time="118.466"/>
  <system-out/>
  <testcase classname="com.Plobal.TestScripts.PlobalTestScripts" name="plobalLogout" time="11.344"/>
  <system-out/>
</testsuite> <!-- com.Plobal.TestScripts.PlobalTestScripts -->
