<?xml version="1.0" encoding="UTF-8"?>
<!-- Generated by org.testng.reporters.JUnitReportReporter -->
<testsuite hostname="LAPTOP-618V3I55" failures="0" tests="9" name="com.MlwalletScripts.MlwalletScripts" time="682.694" errors="0" timestamp="2022-09-06T21:01:33 IST" skipped="0">
  <testcase classname="com.MlwalletScripts.MlwalletScripts" name="MLWalletAppLaunch" time="2.686"/>
  <system-out/>
  <testcase classname="com.MlwalletScripts.MlwalletScripts" name="Login" time="35.531"/>
  <system-out/>
  <testcase classname="com.MlwalletScripts.MlwalletScripts" name="SendMoney" time="13.051"/>
  <system-out/>
  <testcase classname="com.MlwalletScripts.MlwalletScripts" name="WalletToWallet" time="129.341"/>
  <system-out/>
  <testcase classname="com.MlwalletScripts.MlwalletScripts" name="KwartaPadala" time="134.734"/>
  <system-out/>
  <testcase classname="com.MlwalletScripts.MlwalletScripts" name="WithdrawMoney" time="68.006"/>
  <system-out/>
  <testcase classname="com.MlwalletScripts.MlwalletScripts" name="RecievedMoney" time="63.764"/>
  <system-out/>
  <testcase classname="com.MlwalletScripts.MlwalletScripts" name="WalletToWalletNegativeScenario" time="150.998"/>
  <system-out/>
  <testcase classname="com.MlwalletScripts.MlwalletScripts" name="WrongOTPHandle" time="84.583"/>
  <system-out/>
</testsuite> <!-- com.MlwalletScripts.MlwalletScripts -->
